\BOOKMARK [1][-]{section.1}{Jen's Guide to the Terminal}{}% 1
\BOOKMARK [2][-]{subsection.1.1}{Navigating the Terminal}{section.1}% 2
\BOOKMARK [2][-]{subsection.1.2}{File Permissions}{section.1}% 3
\BOOKMARK [2][-]{subsection.1.3}{Aliases}{section.1}% 4
\BOOKMARK [2][-]{subsection.1.4}{Environment Variables}{section.1}% 5
\BOOKMARK [2][-]{subsection.1.5}{Adding Executables to PATH}{section.1}% 6
\BOOKMARK [2][-]{subsection.1.6}{Doing Server-Type Things}{section.1}% 7
\BOOKMARK [2][-]{subsection.1.7}{Using the Nano Text Editor}{section.1}% 8
\BOOKMARK [2][-]{subsection.1.8}{Other File Manipulation Options}{section.1}% 9
\BOOKMARK [2][-]{subsection.1.9}{Compressed Files}{section.1}% 10
\BOOKMARK [1][-]{section.2}{Summary Table of Bash Commands}{}% 11
\BOOKMARK [1][-]{section.3}{Calcul Qu\351bec Systems}{}% 12
\BOOKMARK [2][-]{subsection.3.1}{Briar\351e}{section.3}% 13
\BOOKMARK [3][-]{subsubsection.3.1.1}{Briar\351e Resources}{subsection.3.1}% 14
\BOOKMARK [3][-]{subsubsection.3.1.2}{MWE for Briar\351e Submission Script}{subsection.3.1}% 15
\BOOKMARK [2][-]{subsection.3.2}{Guillimin}{section.3}% 16
\BOOKMARK [3][-]{subsubsection.3.2.1}{Guillimin Resources}{subsection.3.2}% 17
\BOOKMARK [2][-]{subsection.3.3}{MWE for Guillimin Submission Script}{section.3}% 18
\BOOKMARK [1][-]{section.4}{Sharcnet Systems}{}% 19
\BOOKMARK [2][-]{subsection.4.1}{Sharcnet File Storage}{section.4}% 20
\BOOKMARK [2][-]{subsection.4.2}{Monk}{section.4}% 21
\BOOKMARK [3][-]{subsubsection.4.2.1}{Monk Resources}{subsection.4.2}% 22
\BOOKMARK [2][-]{subsection.4.3}{Orca}{section.4}% 23
\BOOKMARK [3][-]{subsubsection.4.3.1}{Orca Resources}{subsection.4.3}% 24
\BOOKMARK [2][-]{subsection.4.4}{Saw}{section.4}% 25
\BOOKMARK [3][-]{subsubsection.4.4.1}{Saw Resources}{subsection.4.4}% 26
\BOOKMARK [2][-]{subsection.4.5}{Sharcnet Visualisation Systems}{section.4}% 27
\BOOKMARK [3][-]{subsubsection.4.5.1}{Accessing vdi-centos6}{subsection.4.5}% 28
\BOOKMARK [3][-]{subsubsection.4.5.2}{Graphical VMD via vdi-centos6}{subsection.4.5}% 29
\BOOKMARK [1][-]{section.5}{Abbreviations}{}% 30
